d:\лабы яп\lp_lab14\lp_lab14\debug\vc142.pdb
d:\лабы яп\lp_lab14\lp_lab14\debug\vc142.idb
d:\лабы яп\lp_lab14\lp_lab14\debug\polishnotation.obj
d:\лабы яп\lp_lab14\lp_lab14\debug\parm.obj
d:\лабы яп\lp_lab14\lp_lab14\debug\lt.obj
d:\лабы яп\lp_lab14\lp_lab14\debug\lp_lab14.obj
d:\лабы яп\lp_lab14\lp_lab14\debug\log.obj
d:\лабы яп\lp_lab14\lp_lab14\debug\it.obj
d:\лабы яп\lp_lab14\lp_lab14\debug\in.obj
d:\лабы яп\lp_lab14\lp_lab14\debug\functions.obj
d:\лабы яп\lp_lab14\lp_lab14\debug\fst.obj
d:\лабы яп\lp_lab14\lp_lab14\debug\error.obj
d:\лабы яп\lp_lab14\lp_lab14\debug\analysis.obj
d:\лабы яп\lp_lab14\debug\lp_lab14.ilk
d:\лабы яп\lp_lab14\debug\lp_lab14.exe
d:\лабы яп\lp_lab14\debug\lp_lab14.pdb
d:\лабы яп\lp_lab14\lp_lab14\debug\lp_lab14.tlog\cl.command.1.tlog
d:\лабы яп\lp_lab14\lp_lab14\debug\lp_lab14.tlog\cl.read.1.tlog
d:\лабы яп\lp_lab14\lp_lab14\debug\lp_lab14.tlog\cl.write.1.tlog
d:\лабы яп\lp_lab14\lp_lab14\debug\lp_lab14.tlog\link.command.1.tlog
d:\лабы яп\lp_lab14\lp_lab14\debug\lp_lab14.tlog\link.read.1.tlog
d:\лабы яп\lp_lab14\lp_lab14\debug\lp_lab14.tlog\link.write.1.tlog
