Сборка начата 22.06.2021 22:42:44.
Уровень детализации журнала: Normal.     1>Проект "D:\Лабы ЯП\LP_Lab08S\LP_Lab08L\LP_Lab08L.vcxproj" в узле 2 (целевые объекты Build).
     1>InitializeBuildStatus:
         Создание "Debug\LP_Lab08L.tlog\unsuccessfulbuild", так как было задано "AlwaysCreate".
       ClCompile:
         d:\Program Files (x86)\Microsoft Visual Studio\2019\Professional\VC\Tools\MSVC\14.27.29110\bin\HostX86\x86\CL.exe /c /ZI /JMC /nologo /W3 /WX- /diagnostics:column /sdl /Od /Oy- /D WIN32 /D _DEBUG /D _LIB /D _UNICODE /D UNICODE /Gm- /EHsc /RTC1 /MDd /GS /fp:precise /permissive- /Zc:wchar_t /Zc:forScope /Zc:inline /Fo"Debug\\" /Fd"Debug\LP_Lab08L.pdb" /Gd /TP /analyze- /FC /errorReport:prompt Dictionaty.cpp
         Dictionaty.cpp
       Lib:
         d:\Program Files (x86)\Microsoft Visual Studio\2019\Professional\VC\Tools\MSVC\14.27.29110\bin\HostX86\x86\Lib.exe /OUT:"D:\Лабы ЯП\LP_Lab08S\Debug\LP_Lab08L.lib" /NOLOGO /MACHINE:X86 Debug\Dictionaty.obj
         LP_Lab08L.vcxproj -> D:\Лабы ЯП\LP_Lab08S\Debug\LP_Lab08L.lib
       CopyFilesToOutputDirectory:
         Копирование файла из "D:\Лабы ЯП\LP_Lab08S\LP_Lab08L\Debug\LP_Lab08L.pdb" в "D:\Лабы ЯП\LP_Lab08S\Debug\LP_Lab08L.pdb".
       FinalizeBuildStatus:
         Файл "Debug\LP_Lab08L.tlog\unsuccessfulbuild" удаляется.
         Обращение к "Debug\LP_Lab08L.tlog\LP_Lab08L.lastbuildstate".
     1>Сборка проекта "D:\Лабы ЯП\LP_Lab08S\LP_Lab08L\LP_Lab08L.vcxproj" завершена (целевые объекты Build).

Сборка успешно завершена.
    Предупреждений: 0
    Ошибок: 0

Прошло времени 00:00:02.05
