Microsoft (R) Macro Assembler Version 14.27.29112.0	    05/20/21 15:07:27
LP_Asm.asm						     Page 1 - 1


				.586
				.MODEL FLAT, STDCALL
				includelib kernel32.lib

				ExitProcess PROTO : DWORD
				MessageBoxA PROTO : DWORD, : DWORD, : DWORD, : DWORD

				.STACK 4096

 00000000			.CONST

 00000000			.DATA
 = 00000000			MB_OK EQU 0
 00000000 D0 E5 E7 F3 EB	str1 byte "Результат равен = "
	   FC F2 E0 F2 20
	   F0 E0 E2 E5 ED
	   20 3D 20
 00000012 30 00			str3 byte "0", 0
 00000014 C4 EE E1 F0 EE	str2 byte "Добро пожаловать", 0
	   20 EF EE E6 E0
	   EB EE E2 E0 F2
	   FC 00
 00000025 00000000		HW DD ?
 00000029 02			x byte 2
 0000002A 03			y byte 3

 00000000			.CODE
 00000000			main PROC
 00000000			START:
 00000000  A0 00000029 R			mov al, x
 00000005  02 05 0000002A R			add al, y
 0000000B  00 05 00000012 R			add str3, al
					
						INVOKE MessageBoxA, MB_OK, offset str1, offset str2, HW
						
 00000028  6A FF			push	-1
 0000002A  E8 00000000 E		call	ExitProcess
 0000002F			main ENDP

				end main
Microsoft (R) Macro Assembler Version 14.27.29112.0	    05/20/21 15:07:27
LP_Asm.asm						     Symbols 2 - 1




Segments and Groups:

                N a m e                 Size     Length   Align   Combine Class

CONST  . . . . . . . . . . . . .	32 Bit	 00000000 Para	  Public  'CONST'	 ReadOnly
FLAT . . . . . . . . . . . . . .	GROUP
STACK  . . . . . . . . . . . . .	32 Bit	 00001000 Para	  Stack	  'STACK'	 
_DATA  . . . . . . . . . . . . .	32 Bit	 0000002B Para	  Public  'DATA'	
_TEXT  . . . . . . . . . . . . .	32 Bit	 0000002F Para	  Public  'CODE'	


Procedures, parameters, and locals:

                N a m e                 Type     Value    Attr

ExitProcess  . . . . . . . . . .	P Near	 00000000 FLAT	Length= 00000000 External STDCALL
MessageBoxA  . . . . . . . . . .	P Near	 00000000 FLAT	Length= 00000000 External STDCALL
main . . . . . . . . . . . . . .	P Near	 00000000 _TEXT	Length= 0000002F Public STDCALL
  START  . . . . . . . . . . . .	L Near	 00000000 _TEXT	


Symbols:

                N a m e                 Type     Value    Attr

@CodeSize  . . . . . . . . . . .	Number	 00000000h   
@DataSize  . . . . . . . . . . .	Number	 00000000h   
@Interface . . . . . . . . . . .	Number	 00000003h   
@Model . . . . . . . . . . . . .	Number	 00000007h   
@code  . . . . . . . . . . . . .	Text   	 _TEXT
@data  . . . . . . . . . . . . .	Text   	 FLAT
@fardata?  . . . . . . . . . . .	Text   	 FLAT
@fardata . . . . . . . . . . . .	Text   	 FLAT
@stack . . . . . . . . . . . . .	Text   	 FLAT
HW . . . . . . . . . . . . . . .	DWord	 00000025 _DATA	
MB_OK  . . . . . . . . . . . . .	Number	 00000000h   
str1 . . . . . . . . . . . . . .	Byte	 00000000 _DATA	
str2 . . . . . . . . . . . . . .	Byte	 00000014 _DATA	
str3 . . . . . . . . . . . . . .	Byte	 00000012 _DATA	
x  . . . . . . . . . . . . . . .	Byte	 00000029 _DATA	
y  . . . . . . . . . . . . . . .	Byte	 0000002A _DATA	

	   0 Warnings
	   0 Errors
