Microsoft (R) Macro Assembler Version 14.27.29112.0	    05/29/21 21:23:50
LP_Asm.asm						     Page 1 - 1


				.586
				.MODEL FLAT, STDCALL
				includelib kernel32.lib

				ExitProcess PROTO : DWORD
				MessageBoxA PROTO : DWORD, : DWORD, : DWORD, : DWORD
				SetConsoleTitleA PROTO : DWORD

				.STACK 4096

 00000000			.CONST
 00000000 20 53 4D 57 20	consoletitle db ' SMW Consol', 0
	   43 6F 6E 73 6F
	   6C 00

 00000000			.DATA
 = 00000000			MB_OK EQU 0
 00000000 CC E0 F1 F1 E8	str1 byte "Массив содержит нулевой элемент", 0
	   E2 20 F1 EE E4
	   E5 F0 E6 E8 F2
	   20 ED F3 EB E5
	   E2 EE E9 20 FD
	   EB E5 EC E5 ED
	   F2 00
 00000020 CC E0 F1 F1 E8	str2 byte "Массив не содержит нулевой элемент", 0
	   E2 20 ED E5 20
	   F1 EE E4 E5 F0
	   E6 E8 F2 20 ED
	   F3 EB E5 E2 EE
	   E9 20 FD EB E5
	   EC E5 ED F2 00
 00000043 D1 EB E5 EC ED	strName byte "Слемнёв Виктор, ФИТ 1-6", 0
	   B8 E2 20 C2 E8
	   EA F2 EE F0 2C
	   20 D4 C8 D2 20
	   31 2D 36 00
 0000005B 00000000		HW DD ?

 0000005F 008A 003B 0044	wrd word 8Ah, 3Bh, 44h, 5Fh, 99h
	   005F 0099
 00000069 00000001		Arr dword 1, 2, 3, 4, 5, 6, 7
	   00000002
	   00000003
	   00000004
	   00000005
	   00000006
	   00000007

 00000000			.CODE
 00000000			main PROC
 00000000				START:
 00000000  BE 0000005F R			mov esi, offset wrd
 00000005  66| 8B 46 04				mov ax, [esi + 4]
 00000009  66| 8B 5E 02				mov bx, [esi + 2]

 0000000D  B8 00000000				mov eax, 0
 00000012  BE 00000069 R			mov esi, offset Arr
 00000017  B9 00000007				mov ecx, lengthof Arr
 0000001C				CYCLE:
 0000001C  03 06				add eax, [esi]
 0000001E  83 C6 04				add esi, type Arr
 00000021  E2 F9				loop CYCLE

 00000023  B9 00000007				mov ecx, lengthof Arr
 00000028  BE 00000000				mov esi, 0
 0000002D				CYCLE_1:
 0000002D  83 BE 00000069 R			cmp Arr[esi], 0
	   00
 00000034  74 07				jz w_0
 00000036  83 C6 04				ADD esi, type Arr
 00000039  E2 F2				LOOP CYCLE_1

 0000003B  EB 28				jmp not_0
						
 0000003D				w_0:
 0000003D  BB 00000000				mov ebx, 0
 00000042  68 00000000 R			push offset consoletitle
 00000047  E8 00000000 E			call SetConsoleTitleA
						INVOKE MessageBoxA, HW, offset str1, offset strName, MB_OK
 00000063  EB 1C				jmp _end

 00000065				not_0:
 00000065  BB 00000001				mov ebx, 1
						INVOKE MessageBoxA, HW, offset str2, offset strName, MB_OK

 00000081				_end:
 00000081  6A FF				push -1
 00000083  E8 00000000 E			call ExitProcess 
					
 00000088			main ENDP

				end main
Microsoft (R) Macro Assembler Version 14.27.29112.0	    05/29/21 21:23:50
LP_Asm.asm						     Symbols 2 - 1




Segments and Groups:

                N a m e                 Size     Length   Align   Combine Class

CONST  . . . . . . . . . . . . .	32 Bit	 0000000C Para	  Public  'CONST'	 ReadOnly
FLAT . . . . . . . . . . . . . .	GROUP
STACK  . . . . . . . . . . . . .	32 Bit	 00001000 Para	  Stack	  'STACK'	 
_DATA  . . . . . . . . . . . . .	32 Bit	 00000085 Para	  Public  'DATA'	
_TEXT  . . . . . . . . . . . . .	32 Bit	 00000088 Para	  Public  'CODE'	


Procedures, parameters, and locals:

                N a m e                 Type     Value    Attr

ExitProcess  . . . . . . . . . .	P Near	 00000000 FLAT	Length= 00000000 External STDCALL
MessageBoxA  . . . . . . . . . .	P Near	 00000000 FLAT	Length= 00000000 External STDCALL
SetConsoleTitleA . . . . . . . .	P Near	 00000000 FLAT	Length= 00000000 External STDCALL
main . . . . . . . . . . . . . .	P Near	 00000000 _TEXT	Length= 00000088 Public STDCALL
  START  . . . . . . . . . . . .	L Near	 00000000 _TEXT	
  CYCLE  . . . . . . . . . . . .	L Near	 0000001C _TEXT	
  CYCLE_1  . . . . . . . . . . .	L Near	 0000002D _TEXT	
  w_0  . . . . . . . . . . . . .	L Near	 0000003D _TEXT	
  not_0  . . . . . . . . . . . .	L Near	 00000065 _TEXT	
  _end . . . . . . . . . . . . .	L Near	 00000081 _TEXT	


Symbols:

                N a m e                 Type     Value    Attr

@CodeSize  . . . . . . . . . . .	Number	 00000000h   
@DataSize  . . . . . . . . . . .	Number	 00000000h   
@Interface . . . . . . . . . . .	Number	 00000003h   
@Model . . . . . . . . . . . . .	Number	 00000007h   
@code  . . . . . . . . . . . . .	Text   	 _TEXT
@data  . . . . . . . . . . . . .	Text   	 FLAT
@fardata?  . . . . . . . . . . .	Text   	 FLAT
@fardata . . . . . . . . . . . .	Text   	 FLAT
@stack . . . . . . . . . . . . .	Text   	 FLAT
Arr  . . . . . . . . . . . . . .	DWord	 00000069 _DATA	
HW . . . . . . . . . . . . . . .	DWord	 0000005B _DATA	
MB_OK  . . . . . . . . . . . . .	Number	 00000000h   
consoletitle . . . . . . . . . .	Byte	 00000000 CONST	
str1 . . . . . . . . . . . . . .	Byte	 00000000 _DATA	
str2 . . . . . . . . . . . . . .	Byte	 00000020 _DATA	
strName  . . . . . . . . . . . .	Byte	 00000043 _DATA	
wrd  . . . . . . . . . . . . . .	Word	 0000005F _DATA	

	   0 Warnings
	   0 Errors
